0 info it worked if it ends with ok
1 verbose cli [ 'C:\\Program Files\\nodejs\\node.exe',
1 verbose cli   'C:\\Users\\oledid\\AppData\\Roaming\\npm\\node_modules\\npm\\bin\\npm-cli.js',
1 verbose cli   'publish' ]
2 info using npm@3.8.8
3 info using node@v4.4.3
4 verbose publish [ '.' ]
5 silly cache add args [ '.', null ]
6 verbose cache add spec .
7 silly cache add parsed spec Result {
7 silly cache add   raw: '.',
7 silly cache add   scope: null,
7 silly cache add   name: null,
7 silly cache add   rawSpec: '.',
7 silly cache add   spec: 'C:\\Git\\Tools\\turn-off-display-cli',
7 silly cache add   type: 'directory' }
8 verbose addLocalDirectory C:\Users\oledid\AppData\Roaming\npm-cache\turn-off-display-cli\0.0.1\package.tgz not in flight; packing
9 verbose correctMkdir C:\Users\oledid\AppData\Roaming\npm-cache correctMkdir not in flight; initializing
10 info lifecycle turn-off-display-cli@0.0.1~prepublish: turn-off-display-cli@0.0.1
11 silly lifecycle turn-off-display-cli@0.0.1~prepublish: no script for prepublish, continuing
12 verbose tar pack [ 'C:\\Users\\oledid\\AppData\\Roaming\\npm-cache\\turn-off-display-cli\\0.0.1\\package.tgz',
12 verbose tar pack   'C:\\Git\\Tools\\turn-off-display-cli' ]
13 verbose tarball C:\Users\oledid\AppData\Roaming\npm-cache\turn-off-display-cli\0.0.1\package.tgz
14 verbose folder C:\Git\Tools\turn-off-display-cli
15 verbose addLocalTarball adding from inside cache C:\Users\oledid\AppData\Roaming\npm-cache\turn-off-display-cli\0.0.1\package.tgz
16 verbose correctMkdir C:\Users\oledid\AppData\Roaming\npm-cache correctMkdir not in flight; initializing
17 silly cache afterAdd turn-off-display-cli@0.0.1
18 verbose afterAdd C:\Users\oledid\AppData\Roaming\npm-cache\turn-off-display-cli\0.0.1\package\package.json not in flight; writing
19 verbose correctMkdir C:\Users\oledid\AppData\Roaming\npm-cache correctMkdir not in flight; initializing
20 verbose afterAdd C:\Users\oledid\AppData\Roaming\npm-cache\turn-off-display-cli\0.0.1\package\package.json written
21 silly publish { name: 'turn-off-display-cli',
21 silly publish   version: '0.0.1',
21 silly publish   description: 'Turn off the display via command-line',
21 silly publish   bin: { 'turn-off-display': 'src/cli.js' },
21 silly publish   files: [ 'src' ],
21 silly publish   engines: { node: '>=4' },
21 silly publish   keywords: [ 'turn', 'off', 'display', 'screen', 'monitor', 'cli' ],
21 silly publish   author:
21 silly publish    { name: 'Ole Morten Didriksen',
21 silly publish      url: 'https://github.com/oledid' },
21 silly publish   license: 'MIT',
21 silly publish   optionalDependencies: { edge: '^5.0.0' },
21 silly publish   homepage: 'https://github.com/oledid/turn-off-display-cli',
21 silly publish   bugs: { url: 'https://github.com/oledid/turn-off-display-cli/issues' },
21 silly publish   repository:
21 silly publish    { type: 'git',
21 silly publish      url: 'git+https://github.com/oledid/turn-off-display-cli.git' },
21 silly publish   os: [ 'win32' ],
21 silly publish   readme: '# turn-off-display-cli\r\n\r\nTurns of the computer monitor/display/screen via command-line.\r\n\r\n## Supported operating systems\r\n\r\nThis package only supports Windows for now. If you want to add support for another operating system, please submit a pull-request.\r\n\r\n## How to install\r\n```\r\nnpm install -g oledid/turn-off-display-cli\r\n```\r\n\r\n## How to use\r\n```\r\nturn-off-display\r\n```\r\n\r\n## License\r\n\r\n[MIT](LICENSE.md)\r\n',
21 silly publish   readmeFilename: 'README.md',
21 silly publish   gitHead: 'e41b21b80cc08cd79ba004d2d67689f2fe30ad97',
21 silly publish   dependencies: { edge: '^5.0.0' },
21 silly publish   _id: 'turn-off-display-cli@0.0.1',
21 silly publish   scripts: {},
21 silly publish   _shasum: '36efaaa0e928e0d1fb905bea851cd77825c14116',
21 silly publish   _from: '.' }
22 verbose getPublishConfig undefined
23 silly mapToRegistry name turn-off-display-cli
24 silly mapToRegistry using default registry
25 silly mapToRegistry registry https://registry.npmjs.org/
26 silly mapToRegistry data Result {
26 silly mapToRegistry   raw: 'turn-off-display-cli',
26 silly mapToRegistry   scope: null,
26 silly mapToRegistry   name: 'turn-off-display-cli',
26 silly mapToRegistry   rawSpec: '',
26 silly mapToRegistry   spec: 'latest',
26 silly mapToRegistry   type: 'tag' }
27 silly mapToRegistry uri https://registry.npmjs.org/turn-off-display-cli
28 verbose publish registryBase https://registry.npmjs.org/
29 silly publish uploading C:\Users\oledid\AppData\Roaming\npm-cache\turn-off-display-cli\0.0.1\package.tgz
30 verbose request uri https://registry.npmjs.org/turn-off-display-cli
31 verbose request sending authorization for write operation
32 info attempt registry request try #1 at 00:00:32
33 verbose request using bearer token for auth
34 verbose request id 1f8dfca9f42006b5
35 http request PUT https://registry.npmjs.org/turn-off-display-cli
36 http 403 https://registry.npmjs.org/turn-off-display-cli
37 verbose headers { 'content-type': 'application/json',
37 verbose headers   'cache-control': 'max-age=300',
37 verbose headers   'content-length': '95',
37 verbose headers   'accept-ranges': 'bytes',
37 verbose headers   date: 'Wed, 04 May 2016 22:00:33 GMT',
37 verbose headers   via: '1.1 varnish',
37 verbose headers   connection: 'keep-alive',
37 verbose headers   'x-served-by': 'cache-fra1237-FRA',
37 verbose headers   'x-cache': 'MISS',
37 verbose headers   'x-cache-hits': '0',
37 verbose headers   'x-timer': 'S1462399232.316274,VS0,VE1085',
37 verbose headers   vary: 'Accept-Encoding' }
38 verbose request invalidating C:\Users\oledid\AppData\Roaming\npm-cache\registry.npmjs.org\turn-off-display-cli on PUT
39 error publish Failed PUT 403
40 verbose stack Error: "You cannot publish over the previously published version 0.0.1." : turn-off-display-cli
40 verbose stack     at makeError (C:\Users\oledid\AppData\Roaming\npm\node_modules\npm\node_modules\npm-registry-client\lib\request.js:264:12)
40 verbose stack     at CachingRegistryClient.<anonymous> (C:\Users\oledid\AppData\Roaming\npm\node_modules\npm\node_modules\npm-registry-client\lib\request.js:252:14)
40 verbose stack     at Request._callback (C:\Users\oledid\AppData\Roaming\npm\node_modules\npm\node_modules\npm-registry-client\lib\request.js:172:14)
40 verbose stack     at Request.self.callback (C:\Users\oledid\AppData\Roaming\npm\node_modules\npm\node_modules\request\request.js:200:22)
40 verbose stack     at emitTwo (events.js:87:13)
40 verbose stack     at Request.emit (events.js:172:7)
40 verbose stack     at Request.<anonymous> (C:\Users\oledid\AppData\Roaming\npm\node_modules\npm\node_modules\request\request.js:1067:10)
40 verbose stack     at emitOne (events.js:82:20)
40 verbose stack     at Request.emit (events.js:169:7)
40 verbose stack     at IncomingMessage.<anonymous> (C:\Users\oledid\AppData\Roaming\npm\node_modules\npm\node_modules\request\request.js:988:12)
41 verbose statusCode 403
42 verbose pkgid turn-off-display-cli
43 verbose cwd C:\Git\Tools\turn-off-display-cli
44 error Windows_NT 10.0.10586
45 error argv "C:\\Program Files\\nodejs\\node.exe" "C:\\Users\\oledid\\AppData\\Roaming\\npm\\node_modules\\npm\\bin\\npm-cli.js" "publish"
46 error node v4.4.3
47 error npm  v3.8.8
48 error code E403
49 error "You cannot publish over the previously published version 0.0.1." : turn-off-display-cli
50 error If you need help, you may report this error at:
50 error     <https://github.com/npm/npm/issues>
51 verbose exit [ 1, true ]
